#0 building with "default" instance using docker driver

#1 [internal] load build definition from Dockerfile.user
#1 transferring dockerfile: 714B done
#1 DONE 0.0s

#2 [internal] load .dockerignore
#2 transferring context: 2B done
#2 DONE 0.0s

#3 [internal] load metadata for docker.io/library/arista64-lom-slave-bullseye:1234
#3 DONE 0.0s

#4 [1/6] FROM docker.io/library/arista64-lom-slave-bullseye:1234
#4 DONE 0.4s

#5 [2/6] RUN groupadd -f -r -g 1000 ggbanala
#5 DONE 0.2s

#6 [3/6] RUN useradd gbanala -l -u 1000 -g 1000 -d /var/gbanala -m -s /bin/bash
#6 DONE 0.5s

#7 [4/6] RUN su gbanala -c "git config --global user.name gbanala"
#7 DONE 0.4s

#8 [5/6] RUN su gbanala -c "git config --global user.email gbanala@contoso.com"
#8 DONE 0.4s

#9 [6/6] RUN echo "gbanala ALL=(ALL) NOPASSWD:ALL" >>/etc/sudoers
#9 DONE 0.4s

#10 exporting to image
#10 exporting layers
#10 exporting layers 1.8s done
#10 writing image sha256:a77251c8f23e7eb2f181141d0e2d566c8753fa5319b864159a35798046812e6b done
#10 naming to docker.io/library/arista64-lom-slave-bullseye-admin:1234 0.0s done
#10 DONE 1.8s
