Sending build context to Docker daemon  263.2kB
Step 1/69 : FROM debian:bullseye
 ---> ca1a8403096e
Step 2/69 : MAINTAINER gulv@microsoft.com
 ---> Running in 99722c39f723
Removing intermediate container 99722c39f723
 ---> 39e1f6e6ad52
Step 3/69 : COPY ["no-check-valid-until", "/etc/apt/apt.conf.d/"]
 ---> 1592812f35c6
Step 4/69 : COPY ["apt-multiple-retries", "/etc/apt/apt.conf.d/"]
 ---> f8d39e2ea174
Step 5/69 : COPY ["sources.list.amd64", "/etc/apt/sources.list"]
 ---> fd29c99da5ed
Step 6/69 : ENV DEBIAN_FRONTEND=noninteractive
 ---> Running in cca273fbefb6
Removing intermediate container cca273fbefb6
 ---> 839b9d787c23
Step 7/69 : ARG SONIC_VERSION_CACHE
 ---> Running in 876358a5cc50
Removing intermediate container 876358a5cc50
 ---> f8106ea00e86
Step 8/69 : ARG SONIC_VERSION_CONTROL_COMPONENTS
 ---> Running in f5f562321f16
Removing intermediate container f5f562321f16
 ---> 55abfa13bad2
Step 9/69 : COPY ["buildinfo", "/usr/local/share/buildinfo"]
 ---> d686db8d0b1f
Step 10/69 : COPY vcache/ /sonic/target/vcache/sonic-slave-bullseye
 ---> 1010cdabd749
Step 11/69 : RUN dpkg -i /usr/local/share/buildinfo/sonic-build-hooks_1.0_all.deb
 ---> Running in e9adcd935138
Selecting previously unselected package sonic-build-hooks.
(Reading database ... 6664 files and directories currently installed.)
Preparing to unpack .../sonic-build-hooks_1.0_all.deb ...
Unpacking sonic-build-hooks (1.0) ...
Setting up sonic-build-hooks (1.0) ...
Removing intermediate container e9adcd935138
 ---> 96735e307243
Step 12/69 : ENV IMAGENAME=sonic-slave-bullseye
 ---> Running in 461b8839a8ba
Removing intermediate container 461b8839a8ba
 ---> fa4e5ffbe572
Step 13/69 : ENV DISTRO=bullseye
 ---> Running in 586f53479890
Removing intermediate container 586f53479890
 ---> 50803c3641ce
Step 14/69 : RUN pre_run_buildinfo sonic-slave-bullseye
 ---> Running in a4a7e2724246
